Determining if the pthread_create exist failed with the following output:
Change Dir: /home/florentin/rob_mob/src/build/CMakeFiles/CMakeTmp

Run Build Command:"/usr/bin/make" "cmTC_1ecb8/fast"
/usr/bin/make -f CMakeFiles/cmTC_1ecb8.dir/build.make CMakeFiles/cmTC_1ecb8.dir/build
make[1] : on entre dans le répertoire « /home/florentin/rob_mob/src/build/CMakeFiles/CMakeTmp »
Building C object CMakeFiles/cmTC_1ecb8.dir/CheckSymbolExists.c.o
/usr/bin/gcc-7    -o CMakeFiles/cmTC_1ecb8.dir/CheckSymbolExists.c.o   -c /home/florentin/rob_mob/src/build/CMakeFiles/CMakeTmp/CheckSymbolExists.c
Linking C executable cmTC_1ecb8
/usr/bin/cmake -E cmake_link_script CMakeFiles/cmTC_1ecb8.dir/link.txt --verbose=1
/usr/bin/gcc-7      -rdynamic CMakeFiles/cmTC_1ecb8.dir/CheckSymbolExists.c.o  -o cmTC_1ecb8 
CMakeFiles/cmTC_1ecb8.dir/CheckSymbolExists.c.o : Dans la fonction « main » :
CheckSymbolExists.c:(.text+0x1b) : référence indéfinie vers « pthread_create »
collect2: error: ld returned 1 exit status
CMakeFiles/cmTC_1ecb8.dir/build.make:97: recipe for target 'cmTC_1ecb8' failed
make[1]: *** [cmTC_1ecb8] Error 1
make[1] : on quitte le répertoire « /home/florentin/rob_mob/src/build/CMakeFiles/CMakeTmp »
Makefile:126: recipe for target 'cmTC_1ecb8/fast' failed
make: *** [cmTC_1ecb8/fast] Error 2

File /home/florentin/rob_mob/src/build/CMakeFiles/CMakeTmp/CheckSymbolExists.c:
/* */
#include <pthread.h>

int main(int argc, char** argv)
{
  (void)argv;
#ifndef pthread_create
  return ((int*)(&pthread_create))[argc];
#else
  (void)argc;
  return 0;
#endif
}

Determining if the function pthread_create exists in the pthreads failed with the following output:
Change Dir: /home/florentin/rob_mob/src/build/CMakeFiles/CMakeTmp

Run Build Command:"/usr/bin/make" "cmTC_84306/fast"
/usr/bin/make -f CMakeFiles/cmTC_84306.dir/build.make CMakeFiles/cmTC_84306.dir/build
make[1] : on entre dans le répertoire « /home/florentin/rob_mob/src/build/CMakeFiles/CMakeTmp »
Building C object CMakeFiles/cmTC_84306.dir/CheckFunctionExists.c.o
/usr/bin/gcc-7   -DCHECK_FUNCTION_EXISTS=pthread_create   -o CMakeFiles/cmTC_84306.dir/CheckFunctionExists.c.o   -c /usr/share/cmake-3.10/Modules/CheckFunctionExists.c
Linking C executable cmTC_84306
/usr/bin/cmake -E cmake_link_script CMakeFiles/cmTC_84306.dir/link.txt --verbose=1
/usr/bin/gcc-7  -DCHECK_FUNCTION_EXISTS=pthread_create    -rdynamic CMakeFiles/cmTC_84306.dir/CheckFunctionExists.c.o  -o cmTC_84306 -lpthreads 
/usr/bin/ld : ne peut trouver -lpthreads
collect2: error: ld returned 1 exit status
CMakeFiles/cmTC_84306.dir/build.make:97: recipe for target 'cmTC_84306' failed
make[1]: *** [cmTC_84306] Error 1
make[1] : on quitte le répertoire « /home/florentin/rob_mob/src/build/CMakeFiles/CMakeTmp »
Makefile:126: recipe for target 'cmTC_84306/fast' failed
make: *** [cmTC_84306/fast] Error 2


